<?xml version="1.0" encoding="UTF-8"?>
<!-- Generated by org.testng.reporters.JUnitXMLReporter -->
<testsuite hostname="Lovelypc" ignored="0" name="Default test" tests="3" failures="0" timestamp="17 Feb 2017 11:23:31 GMT" time="116.152" errors="0">
  <testcase name="GmailTest1" time="39.203" classname="com.core.framework.HybridFramework.testsuite.GmailTest"/>
  <testcase name="GmailTest1" time="55.12" classname="com.core.framework.HybridFramework.testsuite.GmailTest"/>
  <testcase name="GmailTest1" time="0.003" classname="com.core.framework.HybridFramework.testsuite.GmailTest">
    <skipped/>
  </testcase> <!-- GmailTest1 -->
</testsuite> <!-- Default test -->
