<?xml version="1.0" encoding="UTF-8"?>
<!-- Generated by org.testng.reporters.JUnitXMLReporter -->
<testsuite hostname="Lovelypc" ignored="0" name="Command line test" tests="6" failures="0" timestamp="17 Feb 2017 02:15:23 GMT" time="80.719" errors="0">
  <testcase name="GmailTest1" time="39.113" classname="com.core.framework.HybridFramework.testsuite.GmailTest"/>
  <testcase name="GmailTest1" time="36.748" classname="com.core.framework.HybridFramework.testsuite.GmailTest"/>
  <testcase name="GmailTest1" time="0.0" classname="com.core.framework.HybridFramework.testsuite.GmailTest">
    <skipped/>
  </testcase> <!-- GmailTest1 -->
  <testcase name="TestA" time="0.0" classname="com.core.framework.HybridFramework.testsuite.TestA"/>
  <testcase name="TestA" time="0.001" classname="com.core.framework.HybridFramework.testsuite.TestA"/>
  <testcase name="TestA" time="0.004" classname="com.core.framework.HybridFramework.testsuite.TestA"/>
</testsuite> <!-- Command line test -->
