<?xml version="1.0" encoding="UTF-8"?>
<!-- Generated by org.testng.reporters.JUnitXMLReporter -->
<testsuite hostname="Lovelypc" name="Sprint1" tests="3" failures="1" timestamp="18 Nov 2016 03:15:32 GMT" time="0.08" errors="0">
  <testcase name="testA" time="0.018" classname="com.core.framework.HybridFramework.testsuite.Sample"/>
  <testcase name="testB" time="0.002" classname="com.core.framework.HybridFramework.testsuite.Sample"/>
  <testcase name="testC" time="0.001" classname="com.core.framework.HybridFramework.testsuite.Sample">
    <failure type="junit.framework.AssertionFailedError">
      <![CDATA[junit.framework.AssertionFailedError
	at junit.framework.Assert.fail(Assert.java:47)
	at junit.framework.Assert.assertTrue(Assert.java:20)
	at junit.framework.Assert.assertTrue(Assert.java:27)
	at com.core.framework.HybridFramework.testsuite.Sample.testC(Sample.java:23)
	at java.util.concurrent.FutureTask.run(FutureTask.java:266)
	at java.util.concurrent.ThreadPoolExecutor.runWorker(ThreadPoolExecutor.java:1142)
	at java.util.concurrent.ThreadPoolExecutor$Worker.run(ThreadPoolExecutor.java:617)
	at java.lang.Thread.run(Thread.java:745)
... Removed 16 stack frames]]>
    </failure>
  </testcase> <!-- testC -->
</testsuite> <!-- Sprint1 -->
