<?xml version="1.0" encoding="UTF-8"?>
<testng-results skipped="1" failed="0" ignored="0" total="6" passed="5">
  <reporter-output>
  </reporter-output>
  <suite name="Command line suite" duration-ms="80719" started-at="2017-02-17T02:14:02Z" finished-at="2017-02-17T02:15:23Z">
    <groups>
    </groups>
    <test name="Command line test" duration-ms="80719" started-at="2017-02-17T02:14:02Z" finished-at="2017-02-17T02:15:23Z">
      <class name="com.core.framework.HybridFramework.testsuite.TestA">
        <test-method status="PASS" signature="TestA(java.util.Hashtable)[pri:0, instance:com.core.framework.HybridFramework.testsuite.TestA@7225790e]" name="TestA" duration-ms="0" started-at="2017-02-16T20:15:23Z" data-provider="getData" finished-at="2017-02-16T20:15:23Z">
          <params>
            <param index="0">
              <value>
                <![CDATA[{RunMode=Y, col4=B10, col3=B3, col2=B2, col1=B1}]]>
              </value>
            </param>
          </params>
          <reporter-output>
          </reporter-output>
        </test-method> <!-- TestA -->
        <test-method status="PASS" signature="TestA(java.util.Hashtable)[pri:0, instance:com.core.framework.HybridFramework.testsuite.TestA@7225790e]" name="TestA" duration-ms="1" started-at="2017-02-16T20:15:23Z" data-provider="getData" finished-at="2017-02-16T20:15:23Z">
          <params>
            <param index="0">
              <value>
                <![CDATA[{RunMode=N, col4=B11, col3=B6, col2=B5, col1=B4}]]>
              </value>
            </param>
          </params>
          <reporter-output>
          </reporter-output>
        </test-method> <!-- TestA -->
        <test-method status="PASS" signature="TestA(java.util.Hashtable)[pri:0, instance:com.core.framework.HybridFramework.testsuite.TestA@7225790e]" name="TestA" duration-ms="4" started-at="2017-02-16T20:15:23Z" data-provider="getData" finished-at="2017-02-16T20:15:23Z">
          <params>
            <param index="0">
              <value>
                <![CDATA[{RunMode=Y, col4=B12, col3=B9, col2=B8, col1=B7}]]>
              </value>
            </param>
          </params>
          <reporter-output>
          </reporter-output>
        </test-method> <!-- TestA -->
      </class> <!-- com.core.framework.HybridFramework.testsuite.TestA -->
      <class name="com.core.framework.HybridFramework.testsuite.GmailTest">
        <test-method status="PASS" signature="beforeSuite()[pri:0, instance:com.core.framework.HybridFramework.testsuite.GmailTest@35fb3008]" name="beforeSuite" is-config="true" duration-ms="916" started-at="2017-02-16T20:14:01Z" finished-at="2017-02-16T20:14:02Z">
          <reporter-output>
          </reporter-output>
        </test-method> <!-- beforeSuite -->
        <test-method status="PASS" signature="beforeTest()[pri:0, instance:com.core.framework.HybridFramework.testsuite.GmailTest@35fb3008]" name="beforeTest" is-config="true" duration-ms="3737" started-at="2017-02-16T20:14:02Z" finished-at="2017-02-16T20:14:06Z">
          <reporter-output>
          </reporter-output>
        </test-method> <!-- beforeTest -->
        <test-method status="PASS" signature="GmailTest1(java.util.Hashtable)[pri:0, instance:com.core.framework.HybridFramework.testsuite.GmailTest@35fb3008]" name="GmailTest1" duration-ms="39113" started-at="2017-02-16T20:14:06Z" data-provider="getData" finished-at="2017-02-16T20:14:45Z">
          <params>
            <param index="0">
              <value>
                <![CDATA[{Name=shyame sunder, RunMode=Y, Password=test, UserName=shyam182833@gmail.com, Browser=Chrome}]]>
              </value>
            </param>
          </params>
          <reporter-output>
          </reporter-output>
        </test-method> <!-- GmailTest1 -->
        <test-method status="PASS" signature="afterMethod(org.testng.ITestResult)[pri:0, instance:com.core.framework.HybridFramework.testsuite.GmailTest@35fb3008]" name="afterMethod" is-config="true" duration-ms="686" started-at="2017-02-16T20:14:45Z" finished-at="2017-02-16T20:14:46Z">
          <params>
            <param index="0">
              <value>
                <![CDATA[[TestResult name=GmailTest1 status=SUCCESS method=GmailTest.GmailTest1(java.util.Hashtable)[pri:0, instance:com.core.framework.HybridFramework.testsuite.GmailTest@35fb3008] output={null}]]]>
              </value>
            </param>
          </params>
          <reporter-output>
          </reporter-output>
        </test-method> <!-- afterMethod -->
        <test-method status="PASS" signature="GmailTest1(java.util.Hashtable)[pri:0, instance:com.core.framework.HybridFramework.testsuite.GmailTest@35fb3008]" name="GmailTest1" duration-ms="36748" started-at="2017-02-16T20:14:46Z" data-provider="getData" finished-at="2017-02-16T20:15:23Z">
          <params>
            <param index="0">
              <value>
                <![CDATA[{Name=shyame sunder, RunMode=Y, Password=A5, UserName=shyam182833@gmail.com, Browser=Firefox}]]>
              </value>
            </param>
          </params>
          <reporter-output>
          </reporter-output>
        </test-method> <!-- GmailTest1 -->
        <test-method status="PASS" signature="afterMethod(org.testng.ITestResult)[pri:0, instance:com.core.framework.HybridFramework.testsuite.GmailTest@35fb3008]" name="afterMethod" is-config="true" duration-ms="148" started-at="2017-02-16T20:15:23Z" finished-at="2017-02-16T20:15:23Z">
          <params>
            <param index="0">
              <value>
                <![CDATA[[TestResult name=GmailTest1 status=SUCCESS method=GmailTest.GmailTest1(java.util.Hashtable)[pri:0, instance:com.core.framework.HybridFramework.testsuite.GmailTest@35fb3008] output={null}]]]>
              </value>
            </param>
          </params>
          <reporter-output>
          </reporter-output>
        </test-method> <!-- afterMethod -->
        <test-method status="SKIP" signature="GmailTest1(java.util.Hashtable)[pri:0, instance:com.core.framework.HybridFramework.testsuite.GmailTest@35fb3008]" name="GmailTest1" duration-ms="0" started-at="2017-02-16T20:15:23Z" data-provider="getData" finished-at="2017-02-16T20:15:23Z">
          <params>
            <param index="0">
              <value>
                <![CDATA[{Name=A7, RunMode=N, Password=A8, UserName=A7@gmail.com, Browser=Edge}]]>
              </value>
            </param>
          </params>
          <exception class="org.testng.SkipException">
            <message>
              <![CDATA[Skipping as the RunMode is N]]>
            </message>
            <full-stacktrace>
              <![CDATA[org.testng.SkipException: Skipping as the RunMode is N
	at com.core.framework.HybridFramework.testsuite.GmailTest.GmailTest1(GmailTest.java:35)
	at sun.reflect.NativeMethodAccessorImpl.invoke0(Native Method)
	at sun.reflect.NativeMethodAccessorImpl.invoke(NativeMethodAccessorImpl.java:62)
	at sun.reflect.DelegatingMethodAccessorImpl.invoke(DelegatingMethodAccessorImpl.java:43)
	at java.lang.reflect.Method.invoke(Method.java:497)
	at org.testng.internal.MethodInvocationHelper.invokeMethod(MethodInvocationHelper.java:104)
	at org.testng.internal.Invoker.invokeMethod(Invoker.java:645)
	at org.testng.internal.Invoker.invokeTestMethod(Invoker.java:851)
	at org.testng.internal.Invoker.invokeTestMethods(Invoker.java:1177)
	at org.testng.internal.TestMethodWorker.invokeTestMethods(TestMethodWorker.java:129)
	at org.testng.internal.TestMethodWorker.run(TestMethodWorker.java:112)
	at org.testng.TestRunner.privateRun(TestRunner.java:756)
	at org.testng.TestRunner.run(TestRunner.java:610)
	at org.testng.SuiteRunner.runTest(SuiteRunner.java:387)
	at org.testng.SuiteRunner.runSequentially(SuiteRunner.java:382)
	at org.testng.SuiteRunner.privateRun(SuiteRunner.java:340)
	at org.testng.SuiteRunner.run(SuiteRunner.java:289)
	at org.testng.SuiteRunnerWorker.runSuite(SuiteRunnerWorker.java:52)
	at org.testng.SuiteRunnerWorker.run(SuiteRunnerWorker.java:86)
	at org.testng.TestNG.runSuitesSequentially(TestNG.java:1293)
	at org.testng.TestNG.runSuitesLocally(TestNG.java:1218)
	at org.testng.TestNG.runSuites(TestNG.java:1133)
	at org.testng.TestNG.run(TestNG.java:1104)
	at org.apache.maven.surefire.testng.TestNGExecutor.run(TestNGExecutor.java:77)
	at org.apache.maven.surefire.testng.TestNGDirectoryTestSuite.executeMulti(TestNGDirectoryTestSuite.java:159)
	at org.apache.maven.surefire.testng.TestNGDirectoryTestSuite.execute(TestNGDirectoryTestSuite.java:99)
	at org.apache.maven.surefire.testng.TestNGProvider.invoke(TestNGProvider.java:106)
	at sun.reflect.NativeMethodAccessorImpl.invoke0(Native Method)
	at sun.reflect.NativeMethodAccessorImpl.invoke(NativeMethodAccessorImpl.java:62)
	at sun.reflect.DelegatingMethodAccessorImpl.invoke(DelegatingMethodAccessorImpl.java:43)
	at java.lang.reflect.Method.invoke(Method.java:497)
	at org.apache.maven.surefire.util.ReflectionUtils.invokeMethodWithArray(ReflectionUtils.java:189)
	at org.apache.maven.surefire.booter.ProviderFactory$ProviderProxy.invoke(ProviderFactory.java:165)
	at org.apache.maven.surefire.booter.ProviderFactory.invokeProvider(ProviderFactory.java:85)
	at org.apache.maven.surefire.booter.ForkedBooter.runSuitesInProcess(ForkedBooter.java:115)
	at org.apache.maven.surefire.booter.ForkedBooter.main(ForkedBooter.java:75)
]]>
            </full-stacktrace>
          </exception> <!-- org.testng.SkipException -->
          <reporter-output>
          </reporter-output>
        </test-method> <!-- GmailTest1 -->
        <test-method status="PASS" signature="afterMethod(org.testng.ITestResult)[pri:0, instance:com.core.framework.HybridFramework.testsuite.GmailTest@35fb3008]" name="afterMethod" is-config="true" duration-ms="70" started-at="2017-02-16T20:15:23Z" finished-at="2017-02-16T20:15:23Z">
          <params>
            <param index="0">
              <value>
                <![CDATA[[TestResult name=GmailTest1 status=SKIP method=GmailTest.GmailTest1(java.util.Hashtable)[pri:0, instance:com.core.framework.HybridFramework.testsuite.GmailTest@35fb3008] output={null}]]]>
              </value>
            </param>
          </params>
          <reporter-output>
          </reporter-output>
        </test-method> <!-- afterMethod -->
        <test-method status="PASS" signature="afterSuite()[pri:0, instance:com.core.framework.HybridFramework.testsuite.GmailTest@35fb3008]" name="afterSuite" is-config="true" duration-ms="33" started-at="2017-02-16T20:15:23Z" finished-at="2017-02-16T20:15:23Z">
          <reporter-output>
          </reporter-output>
        </test-method> <!-- afterSuite -->
      </class> <!-- com.core.framework.HybridFramework.testsuite.GmailTest -->
    </test> <!-- Command line test -->
  </suite> <!-- Command line suite -->
</testng-results>
