<?xml version="1.0" encoding="UTF-8"?>
<testng-results skipped="1" failed="0" ignored="0" total="3" passed="2">
  <reporter-output>
  </reporter-output>
  <suite name="Default suite" duration-ms="116152" started-at="2017-02-17T11:21:35Z" finished-at="2017-02-17T11:23:31Z">
    <groups>
    </groups>
    <test name="Default test" duration-ms="116152" started-at="2017-02-17T11:21:35Z" finished-at="2017-02-17T11:23:31Z">
      <class name="com.core.framework.HybridFramework.testsuite.GmailTest">
        <test-method status="PASS" signature="beforeSuite()[pri:0, instance:com.core.framework.HybridFramework.testsuite.GmailTest@1dde4cb2]" name="beforeSuite" is-config="true" duration-ms="55912" started-at="2017-02-17T05:20:39Z" finished-at="2017-02-17T05:21:35Z">
          <reporter-output>
          </reporter-output>
        </test-method> <!-- beforeSuite -->
        <test-method status="PASS" signature="beforeTest()[pri:0, instance:com.core.framework.HybridFramework.testsuite.GmailTest@1dde4cb2]" name="beforeTest" is-config="true" duration-ms="13410" started-at="2017-02-17T05:21:35Z" finished-at="2017-02-17T05:21:48Z">
          <reporter-output>
          </reporter-output>
        </test-method> <!-- beforeTest -->
        <test-method status="PASS" signature="GmailTest1(java.util.Hashtable)[pri:0, instance:com.core.framework.HybridFramework.testsuite.GmailTest@1dde4cb2]" name="GmailTest1" duration-ms="39203" started-at="2017-02-17T05:21:55Z" data-provider="getData" finished-at="2017-02-17T05:22:34Z">
          <params>
            <param index="0">
              <value>
                <![CDATA[{Name=shyame sunder, RunMode=Y, Password=test, UserName=shyam182833@gmail.com, Browser=Chrome}]]>
              </value>
            </param>
          </params>
          <reporter-output>
          </reporter-output>
        </test-method> <!-- GmailTest1 -->
        <test-method status="PASS" signature="afterMethod(org.testng.ITestResult)[pri:0, instance:com.core.framework.HybridFramework.testsuite.GmailTest@1dde4cb2]" name="afterMethod" is-config="true" duration-ms="1358" started-at="2017-02-17T05:22:34Z" finished-at="2017-02-17T05:22:36Z">
          <params>
            <param index="0">
              <value>
                <![CDATA[[TestResult name=GmailTest1 status=SUCCESS method=GmailTest.GmailTest1(java.util.Hashtable)[pri:0, instance:com.core.framework.HybridFramework.testsuite.GmailTest@1dde4cb2] output={null}]]]>
              </value>
            </param>
          </params>
          <reporter-output>
          </reporter-output>
        </test-method> <!-- afterMethod -->
        <test-method status="PASS" signature="GmailTest1(java.util.Hashtable)[pri:0, instance:com.core.framework.HybridFramework.testsuite.GmailTest@1dde4cb2]" name="GmailTest1" duration-ms="55120" started-at="2017-02-17T05:22:36Z" data-provider="getData" finished-at="2017-02-17T05:23:31Z">
          <params>
            <param index="0">
              <value>
                <![CDATA[{Name=shyame sunder, RunMode=Y, Password=A5, UserName=shyam182833@gmail.com, Browser=Firefox}]]>
              </value>
            </param>
          </params>
          <reporter-output>
          </reporter-output>
        </test-method> <!-- GmailTest1 -->
        <test-method status="PASS" signature="afterMethod(org.testng.ITestResult)[pri:0, instance:com.core.framework.HybridFramework.testsuite.GmailTest@1dde4cb2]" name="afterMethod" is-config="true" duration-ms="138" started-at="2017-02-17T05:23:31Z" finished-at="2017-02-17T05:23:31Z">
          <params>
            <param index="0">
              <value>
                <![CDATA[[TestResult name=GmailTest1 status=SUCCESS method=GmailTest.GmailTest1(java.util.Hashtable)[pri:0, instance:com.core.framework.HybridFramework.testsuite.GmailTest@1dde4cb2] output={null}]]]>
              </value>
            </param>
          </params>
          <reporter-output>
          </reporter-output>
        </test-method> <!-- afterMethod -->
        <test-method status="SKIP" signature="GmailTest1(java.util.Hashtable)[pri:0, instance:com.core.framework.HybridFramework.testsuite.GmailTest@1dde4cb2]" name="GmailTest1" duration-ms="3" started-at="2017-02-17T05:23:31Z" data-provider="getData" finished-at="2017-02-17T05:23:31Z">
          <params>
            <param index="0">
              <value>
                <![CDATA[{Name=A7, RunMode=N, Password=A8, UserName=A7@gmail.com, Browser=Edge}]]>
              </value>
            </param>
          </params>
          <exception class="org.testng.SkipException">
            <message>
              <![CDATA[Skipping as the RunMode is N]]>
            </message>
            <full-stacktrace>
              <![CDATA[org.testng.SkipException: Skipping as the RunMode is N
	at com.core.framework.HybridFramework.testsuite.GmailTest.GmailTest1(GmailTest.java:35)
	at sun.reflect.NativeMethodAccessorImpl.invoke0(Native Method)
	at sun.reflect.NativeMethodAccessorImpl.invoke(NativeMethodAccessorImpl.java:62)
	at sun.reflect.DelegatingMethodAccessorImpl.invoke(DelegatingMethodAccessorImpl.java:43)
	at java.lang.reflect.Method.invoke(Method.java:497)
	at org.testng.internal.MethodInvocationHelper.invokeMethod(MethodInvocationHelper.java:104)
	at org.testng.internal.Invoker.invokeMethod(Invoker.java:645)
	at org.testng.internal.Invoker.invokeTestMethod(Invoker.java:851)
	at org.testng.internal.Invoker.invokeTestMethods(Invoker.java:1177)
	at org.testng.internal.TestMethodWorker.invokeTestMethods(TestMethodWorker.java:129)
	at org.testng.internal.TestMethodWorker.run(TestMethodWorker.java:112)
	at org.testng.TestRunner.privateRun(TestRunner.java:756)
	at org.testng.TestRunner.run(TestRunner.java:610)
	at org.testng.SuiteRunner.runTest(SuiteRunner.java:387)
	at org.testng.SuiteRunner.runSequentially(SuiteRunner.java:382)
	at org.testng.SuiteRunner.privateRun(SuiteRunner.java:340)
	at org.testng.SuiteRunner.run(SuiteRunner.java:289)
	at org.testng.SuiteRunnerWorker.runSuite(SuiteRunnerWorker.java:52)
	at org.testng.SuiteRunnerWorker.run(SuiteRunnerWorker.java:86)
	at org.testng.TestNG.runSuitesSequentially(TestNG.java:1293)
	at org.testng.TestNG.runSuitesLocally(TestNG.java:1218)
	at org.testng.TestNG.runSuites(TestNG.java:1133)
	at org.testng.TestNG.run(TestNG.java:1104)
	at org.testng.remote.AbstractRemoteTestNG.run(AbstractRemoteTestNG.java:132)
	at org.testng.remote.RemoteTestNG.initAndRun(RemoteTestNG.java:236)
	at org.testng.remote.RemoteTestNG.main(RemoteTestNG.java:81)
]]>
            </full-stacktrace>
          </exception> <!-- org.testng.SkipException -->
          <reporter-output>
          </reporter-output>
        </test-method> <!-- GmailTest1 -->
        <test-method status="PASS" signature="afterMethod(org.testng.ITestResult)[pri:0, instance:com.core.framework.HybridFramework.testsuite.GmailTest@1dde4cb2]" name="afterMethod" is-config="true" duration-ms="96" started-at="2017-02-17T05:23:31Z" finished-at="2017-02-17T05:23:31Z">
          <params>
            <param index="0">
              <value>
                <![CDATA[[TestResult name=GmailTest1 status=SKIP method=GmailTest.GmailTest1(java.util.Hashtable)[pri:0, instance:com.core.framework.HybridFramework.testsuite.GmailTest@1dde4cb2] output={null}]]]>
              </value>
            </param>
          </params>
          <reporter-output>
          </reporter-output>
        </test-method> <!-- afterMethod -->
        <test-method status="PASS" signature="afterSuite()[pri:0, instance:com.core.framework.HybridFramework.testsuite.GmailTest@1dde4cb2]" name="afterSuite" is-config="true" duration-ms="96" started-at="2017-02-17T05:23:32Z" finished-at="2017-02-17T05:23:32Z">
          <reporter-output>
          </reporter-output>
        </test-method> <!-- afterSuite -->
      </class> <!-- com.core.framework.HybridFramework.testsuite.GmailTest -->
    </test> <!-- Default test -->
  </suite> <!-- Default suite -->
</testng-results>
